<?xml version="1.0" encoding="UTF-8"?>
<testng-results skipped="0" failed="0" ignored="0" total="1" passed="1">
  <reporter-output>
  </reporter-output>
  <suite name="Default suite" duration-ms="66" started-at="2021-06-02T13:33:33Z" finished-at="2021-06-02T13:33:33Z">
    <groups>
    </groups>
    <test name="Default test" duration-ms="66" started-at="2021-06-02T13:33:33Z" finished-at="2021-06-02T13:33:33Z">
      <class name="com.testcases.AddProductPriceTest">
        <test-method status="PASS" signature="verifyPrice()[pri:0, instance:com.testcases.AddProductPriceTest@1e88b3c]" name="verifyPrice" duration-ms="28" started-at="2021-06-02T13:33:33Z" finished-at="2021-06-02T13:33:33Z">
          <reporter-output>
          </reporter-output>
        </test-method> <!-- verifyPrice -->
      </class> <!-- com.testcases.AddProductPriceTest -->
    </test> <!-- Default test -->
  </suite> <!-- Default suite -->
</testng-results>
